<?xml version="1.0" encoding="UTF-8"?>
<!-- Generated by org.testng.reporters.JUnitReportReporter -->
<testsuite hostname="DESKTOP-QIUUB8D" failures="0" tests="2" name="com.HRM.tests.LoginPageTest" time="3.614" errors="0" timestamp="2024-08-04T21:48:58 IST" skipped="0">
  <testcase classname="com.HRM.tests.LoginPageTest" name="titleValidation" time="0.039"/>
  <testcase classname="com.HRM.tests.LoginPageTest" name="loginVerification" time="3.575"/>
</testsuite> <!-- com.HRM.tests.LoginPageTest -->
