<?xml version="1.0" encoding="UTF-8"?>
<!-- Generated by org.testng.reporters.JUnitReportReporter -->
<testsuite hostname="DESKTOP-QIUUB8D" failures="0" tests="2" name="com.HRM.tests.HRMDashboardPageTest" time="5.668" errors="0" timestamp="2024-08-06T18:46:49 IST" skipped="0">
  <testcase classname="com.HRM.tests.HRMDashboardPageTest" name="printOptions" time="0.304"/>
  <testcase classname="com.HRM.tests.HRMDashboardPageTest" name="verifySelection" time="5.364"/>
</testsuite> <!-- com.HRM.tests.HRMDashboardPageTest -->
