<?xml version="1.0" encoding="UTF-8"?>
<!-- Generated by org.testng.reporters.JUnitReportReporter -->
<testsuite hostname="DESKTOP-QIUUB8D" failures="0" tests="2" name="com.HRM.tests.HRMAdminPageTest" time="11.190" errors="0" timestamp="2024-09-05T13:22:55 IST" skipped="0">
  <testcase classname="com.HRM.tests.HRMAdminPageTest" name="verifyDefault" time="5.614"/>
  <testcase classname="com.HRM.tests.HRMAdminPageTest" name="verifyAdminrecords" time="5.576"/>
</testsuite> <!-- com.HRM.tests.HRMAdminPageTest -->
